Using pre-set license
Built from '2020.2/release' branch; Version is '2020.2.1f1 (270dd8c3da1c) revision 2559448'; Using compiler version '192528614'; Build Type 'Release'
OS: 'Windows 10  (10.0.0) 64bit' Language: 'hu' Physical Memory: 16311 MB
BatchMode: 1, IsHumanControllingUs: 0, StartBugReporterOnCrash: 0, Is64bit: 1, IsPro: 0

 COMMAND LINE ARGUMENTS:
C:\Program Files\Unity\Hub\Editor\2020.2.1f1\Editor\Unity.exe
-adb2
-batchMode
-noUpm
-name
AssetImportWorker0
-projectPath
C:/GithubRepos/SteerAIv2
-logFile
Logs/AssetImportWorker0.log
-srvPort
59881
Successfully changed project path to: C:/GithubRepos/SteerAIv2
C:/GithubRepos/SteerAIv2
Using Asset Import Pipeline V2.
Refreshing native plugins compatible for Editor in 48.93 ms, found 1 plugins.
Preloading 0 native plugins for Editor in 0.00 ms.
Initialize engine version: 2020.2.1f1 (270dd8c3da1c)
[Subsystems] Discovering subsystems at path C:/Program Files/Unity/Hub/Editor/2020.2.1f1/Editor/Data/Resources/UnitySubsystems
[Subsystems] Discovering subsystems at path C:/GithubRepos/SteerAIv2/Assets
GfxDevice: creating device client; threaded=0
Direct3D:
    Version:  Direct3D 11.0 [level 11.1]
    Renderer: NVIDIA GeForce GTX 960 (ID=0x1401)
    Vendor:   
    VRAM:     4053 MB
    Driver:   26.21.14.3200
Initialize mono
Mono path[0] = 'C:/Program Files/Unity/Hub/Editor/2020.2.1f1/Editor/Data/Managed'
Mono path[1] = 'C:/Program Files/Unity/Hub/Editor/2020.2.1f1/Editor/Data/MonoBleedingEdge/lib/mono/unityjit'
Mono config path = 'C:/Program Files/Unity/Hub/Editor/2020.2.1f1/Editor/Data/MonoBleedingEdge/etc'
Using monoOptions --debugger-agent=transport=dt_socket,embedding=1,server=y,suspend=n,address=127.0.0.1:56300
Begin MonoManager ReloadAssembly
Registering precompiled unity dll's ...
Register platform support module: C:/Program Files/Unity/Hub/Editor/2020.2.1f1/Editor/Data/PlaybackEngines/WebGLSupport/UnityEditor.WebGL.Extensions.dll
Register platform support module: C:/Program Files/Unity/Hub/Editor/2020.2.1f1/Editor/Data/PlaybackEngines/WindowsStandaloneSupport/UnityEditor.WindowsStandalone.Extensions.dll
Registered in 0.002537 seconds.
Native extension for WindowsStandalone target not found
Native extension for WebGL target not found
Refreshing native plugins compatible for Editor in 42.72 ms, found 1 plugins.
Preloading 0 native plugins for Editor in 0.00 ms.
Invoked RoslynAnalysisRunner static constructor.
RoslynAnalysisRunner will not be running.
RoslynAnalysisRunner has terminated.
Mono: successfully reloaded assembly
- Completed reload, in  1.215 seconds
Platform modules already initialized, skipping
Registering precompiled user dll's ...
Registered in 0.002776 seconds.
Begin MonoManager ReloadAssembly
Native extension for WindowsStandalone target not found
Native extension for WebGL target not found
Refreshing native plugins compatible for Editor in 57.17 ms, found 1 plugins.
Preloading 0 native plugins for Editor in 0.00 ms.
Invoked RoslynAnalysisRunner static constructor.
RoslynAnalysisRunner will not be running.
RoslynAnalysisRunner has terminated.
Mono: successfully reloaded assembly
- Completed reload, in  0.957 seconds
Platform modules already initialized, skipping
========================================================================
Worker process is ready to serve import requests
Launched and connected shader compiler UnityShaderCompiler.exe after 0.04 seconds
Refreshing native plugins compatible for Editor in 0.68 ms, found 1 plugins.
Preloading 0 native plugins for Editor in 0.00 ms.
Unloading 2023 Unused Serialized files (Serialized files now loaded: 0)
System memory in use before: 89.7 MB.
System memory in use after: 89.7 MB.

Unloading 44 unused Assets to reduce memory usage. Loaded Objects now: 2445.
Total: 2.490900 ms (FindLiveObjects: 0.253200 ms CreateObjectMapping: 0.053100 ms MarkObjects: 2.056300 ms  DeleteObjects: 0.126200 ms)

========================================================================
Received Import Request.
  path: Assets/EnemyBasic.prefab
  artifactKey: Guid(d78e612f4f5819d4f978f8de35992482) Importer(815301076,1909f56bfc062723c751e8b465ee728b)
Start importing Assets/EnemyBasic.prefab using Guid(d78e612f4f5819d4f978f8de35992482) Importer(815301076,1909f56bfc062723c751e8b465ee728b)  -> (artifact id: '166c1b9045f31c4a9f6e8d5063c2707d') in 0.099186 seconds
  Import took 0.102890 seconds .

========================================================================
Received Import Request.
  Time since last request: 11.872737 seconds.
  path: Assets/EnemyBasic.prefab
  artifactKey: Guid(d78e612f4f5819d4f978f8de35992482) Importer(815301076,1909f56bfc062723c751e8b465ee728b)
Start importing Assets/EnemyBasic.prefab using Guid(d78e612f4f5819d4f978f8de35992482) Importer(815301076,1909f56bfc062723c751e8b465ee728b)  -> (artifact id: '39c594b4bbc76e508a7894055af4a46f') in 0.014104 seconds
  Import took 0.019045 seconds .

========================================================================
Received Import Request.
  Time since last request: 0.639909 seconds.
  path: Assets/EnemyBasic.prefab
  artifactKey: Guid(d78e612f4f5819d4f978f8de35992482) Importer(815301076,1909f56bfc062723c751e8b465ee728b)
Start importing Assets/EnemyBasic.prefab using Guid(d78e612f4f5819d4f978f8de35992482) Importer(815301076,1909f56bfc062723c751e8b465ee728b)  -> (artifact id: '9e0c2d0d41d40d49fe0f091024409ff9') in 0.013114 seconds
  Import took 0.017366 seconds .

========================================================================
Received Import Request.
  Time since last request: 0.912262 seconds.
  path: Assets/EnemyBasic.prefab
  artifactKey: Guid(d78e612f4f5819d4f978f8de35992482) Importer(815301076,1909f56bfc062723c751e8b465ee728b)
Start importing Assets/EnemyBasic.prefab using Guid(d78e612f4f5819d4f978f8de35992482) Importer(815301076,1909f56bfc062723c751e8b465ee728b)  -> (artifact id: 'ec515907dae7244e22278f8d3e92babb') in 0.011715 seconds
  Import took 0.015586 seconds .

========================================================================
Received Import Request.
  Time since last request: 0.001545 seconds.
  path: Assets/EnemyBasic.prefab
  artifactKey: Guid(d78e612f4f5819d4f978f8de35992482) Importer(815301076,1909f56bfc062723c751e8b465ee728b)
Start importing Assets/EnemyBasic.prefab using Guid(d78e612f4f5819d4f978f8de35992482) Importer(815301076,1909f56bfc062723c751e8b465ee728b)  -> (artifact id: 'ec515907dae7244e22278f8d3e92babb') in 0.011759 seconds
  Import took 0.016615 seconds .

========================================================================
Received Import Request.
  Time since last request: 0.571033 seconds.
  path: Assets/EnemyBasic.prefab
  artifactKey: Guid(d78e612f4f5819d4f978f8de35992482) Importer(815301076,1909f56bfc062723c751e8b465ee728b)
Start importing Assets/EnemyBasic.prefab using Guid(d78e612f4f5819d4f978f8de35992482) Importer(815301076,1909f56bfc062723c751e8b465ee728b)  -> (artifact id: '0fa9ce75ed3269b5b50f3766216f99f5') in 0.010450 seconds
  Import took 0.014090 seconds .

========================================================================
Received Import Request.
  Time since last request: 0.002985 seconds.
  path: Assets/EnemyBasic.prefab
  artifactKey: Guid(d78e612f4f5819d4f978f8de35992482) Importer(815301076,1909f56bfc062723c751e8b465ee728b)
Start importing Assets/EnemyBasic.prefab using Guid(d78e612f4f5819d4f978f8de35992482) Importer(815301076,1909f56bfc062723c751e8b465ee728b)  -> (artifact id: '0fa9ce75ed3269b5b50f3766216f99f5') in 0.013751 seconds
  Import took 0.017865 seconds .

========================================================================
Received Import Request.
  Time since last request: 6.703942 seconds.
  path: Assets/EnemyBasic.prefab
  artifactKey: Guid(d78e612f4f5819d4f978f8de35992482) Importer(815301076,1909f56bfc062723c751e8b465ee728b)
Start importing Assets/EnemyBasic.prefab using Guid(d78e612f4f5819d4f978f8de35992482) Importer(815301076,1909f56bfc062723c751e8b465ee728b)  -> (artifact id: 'eafaf45019a41c5d204d1331ad1d51ed') in 0.008887 seconds
  Import took 0.012688 seconds .

========================================================================
Received Import Request.
  Time since last request: 0.003298 seconds.
  path: Assets/EnemyBasic.prefab
  artifactKey: Guid(d78e612f4f5819d4f978f8de35992482) Importer(815301076,1909f56bfc062723c751e8b465ee728b)
Start importing Assets/EnemyBasic.prefab using Guid(d78e612f4f5819d4f978f8de35992482) Importer(815301076,1909f56bfc062723c751e8b465ee728b)  -> (artifact id: 'eafaf45019a41c5d204d1331ad1d51ed') in 0.009323 seconds
  Import took 0.013045 seconds .

========================================================================
Received Import Request.
  Time since last request: 7.269582 seconds.
  path: Assets/EnemyBasic.prefab
  artifactKey: Guid(d78e612f4f5819d4f978f8de35992482) Importer(815301076,1909f56bfc062723c751e8b465ee728b)
Start importing Assets/EnemyBasic.prefab using Guid(d78e612f4f5819d4f978f8de35992482) Importer(815301076,1909f56bfc062723c751e8b465ee728b)  -> (artifact id: 'df67035e2e339491d9ad4c1ab48a98f6') in 0.008913 seconds
  Import took 0.012498 seconds .

========================================================================
Received Import Request.
  Time since last request: 0.004061 seconds.
  path: Assets/EnemyBasic.prefab
  artifactKey: Guid(d78e612f4f5819d4f978f8de35992482) Importer(815301076,1909f56bfc062723c751e8b465ee728b)
Start importing Assets/EnemyBasic.prefab using Guid(d78e612f4f5819d4f978f8de35992482) Importer(815301076,1909f56bfc062723c751e8b465ee728b)  -> (artifact id: 'df67035e2e339491d9ad4c1ab48a98f6') in 0.009027 seconds
  Import took 0.012576 seconds .

========================================================================
Received Import Request.
  Time since last request: 2.093428 seconds.
  path: Assets/EnemyBasic.prefab
  artifactKey: Guid(d78e612f4f5819d4f978f8de35992482) Importer(815301076,1909f56bfc062723c751e8b465ee728b)
Start importing Assets/EnemyBasic.prefab using Guid(d78e612f4f5819d4f978f8de35992482) Importer(815301076,1909f56bfc062723c751e8b465ee728b)  -> (artifact id: '0ced7b87d0fbbc70f045a127510eb50f') in 0.009085 seconds
  Import took 0.013435 seconds .

========================================================================
Received Import Request.
  Time since last request: 0.002717 seconds.
  path: Assets/EnemyBasic.prefab
  artifactKey: Guid(d78e612f4f5819d4f978f8de35992482) Importer(815301076,1909f56bfc062723c751e8b465ee728b)
Start importing Assets/EnemyBasic.prefab using Guid(d78e612f4f5819d4f978f8de35992482) Importer(815301076,1909f56bfc062723c751e8b465ee728b)  -> (artifact id: '0ced7b87d0fbbc70f045a127510eb50f') in 0.010179 seconds
  Import took 0.014090 seconds .

========================================================================
Received Import Request.
  Time since last request: 2.522470 seconds.
  path: Assets/EnemyBasic.prefab
  artifactKey: Guid(d78e612f4f5819d4f978f8de35992482) Importer(815301076,1909f56bfc062723c751e8b465ee728b)
Start importing Assets/EnemyBasic.prefab using Guid(d78e612f4f5819d4f978f8de35992482) Importer(815301076,1909f56bfc062723c751e8b465ee728b)  -> (artifact id: '768d0a8ef945632b6708a48400684443') in 0.010556 seconds
  Import took 0.014166 seconds .

========================================================================
Received Import Request.
  Time since last request: 0.002218 seconds.
  path: Assets/EnemyBasic.prefab
  artifactKey: Guid(d78e612f4f5819d4f978f8de35992482) Importer(815301076,1909f56bfc062723c751e8b465ee728b)
Start importing Assets/EnemyBasic.prefab using Guid(d78e612f4f5819d4f978f8de35992482) Importer(815301076,1909f56bfc062723c751e8b465ee728b)  -> (artifact id: '768d0a8ef945632b6708a48400684443') in 0.009600 seconds
  Import took 0.013671 seconds .

========================================================================
Received Import Request.
  Time since last request: 15.354377 seconds.
  path: Assets/EnemyBasic.prefab
  artifactKey: Guid(d78e612f4f5819d4f978f8de35992482) Importer(815301076,1909f56bfc062723c751e8b465ee728b)
Start importing Assets/EnemyBasic.prefab using Guid(d78e612f4f5819d4f978f8de35992482) Importer(815301076,1909f56bfc062723c751e8b465ee728b)  -> (artifact id: 'fbeda765c04755dfbaea8966b276554d') in 0.011192 seconds
  Import took 0.015360 seconds .

========================================================================
Received Import Request.
  Time since last request: 0.002018 seconds.
  path: Assets/EnemyBasic.prefab
  artifactKey: Guid(d78e612f4f5819d4f978f8de35992482) Importer(815301076,1909f56bfc062723c751e8b465ee728b)
Start importing Assets/EnemyBasic.prefab using Guid(d78e612f4f5819d4f978f8de35992482) Importer(815301076,1909f56bfc062723c751e8b465ee728b)  -> (artifact id: 'fbeda765c04755dfbaea8966b276554d') in 0.009041 seconds
  Import took 0.012965 seconds .

========================================================================
Received Import Request.
  Time since last request: 11.078089 seconds.
  path: Assets/EnemyBasic.prefab
  artifactKey: Guid(d78e612f4f5819d4f978f8de35992482) Importer(815301076,1909f56bfc062723c751e8b465ee728b)
Start importing Assets/EnemyBasic.prefab using Guid(d78e612f4f5819d4f978f8de35992482) Importer(815301076,1909f56bfc062723c751e8b465ee728b)  -> (artifact id: '924ac47e2e59c3335be14aea1317299f') in 0.009530 seconds
  Import took 0.013290 seconds .

========================================================================
Received Import Request.
  Time since last request: 0.002935 seconds.
  path: Assets/EnemyBasic.prefab
  artifactKey: Guid(d78e612f4f5819d4f978f8de35992482) Importer(815301076,1909f56bfc062723c751e8b465ee728b)
Start importing Assets/EnemyBasic.prefab using Guid(d78e612f4f5819d4f978f8de35992482) Importer(815301076,1909f56bfc062723c751e8b465ee728b)  -> (artifact id: '924ac47e2e59c3335be14aea1317299f') in 0.009059 seconds
  Import took 0.012610 seconds .

========================================================================
Received Import Request.
  Time since last request: 5.694580 seconds.
  path: Assets/EnemyBasic.prefab
  artifactKey: Guid(d78e612f4f5819d4f978f8de35992482) Importer(815301076,1909f56bfc062723c751e8b465ee728b)
Start importing Assets/EnemyBasic.prefab using Guid(d78e612f4f5819d4f978f8de35992482) Importer(815301076,1909f56bfc062723c751e8b465ee728b)  -> (artifact id: '81b5b2dc0686e16603cf68115bf0a059') in 0.010250 seconds
  Import took 0.014083 seconds .

========================================================================
Received Import Request.
  Time since last request: 0.004938 seconds.
  path: Assets/EnemyBasic.prefab
  artifactKey: Guid(d78e612f4f5819d4f978f8de35992482) Importer(815301076,1909f56bfc062723c751e8b465ee728b)
Start importing Assets/EnemyBasic.prefab using Guid(d78e612f4f5819d4f978f8de35992482) Importer(815301076,1909f56bfc062723c751e8b465ee728b)  -> (artifact id: '81b5b2dc0686e16603cf68115bf0a059') in 0.008724 seconds
  Import took 0.012641 seconds .

========================================================================
Received Prepare
Registering precompiled user dll's ...
Registered in 0.002008 seconds.
Begin MonoManager ReloadAssembly
Native extension for WindowsStandalone target not found
Native extension for WebGL target not found
Refreshing native plugins compatible for Editor in 0.59 ms, found 1 plugins.
Preloading 0 native plugins for Editor in 0.00 ms.
Invoked RoslynAnalysisRunner static constructor.
RoslynAnalysisRunner will not be running.
RoslynAnalysisRunner has terminated.
Mono: successfully reloaded assembly
- Completed reload, in  0.793 seconds
Platform modules already initialized, skipping
Refreshing native plugins compatible for Editor in 1.04 ms, found 1 plugins.
Preloading 0 native plugins for Editor in 0.00 ms.
Unloading 2018 Unused Serialized files (Serialized files now loaded: 0)
System memory in use before: 92.7 MB.
System memory in use after: 92.7 MB.

Unloading 33 unused Assets to reduce memory usage. Loaded Objects now: 2454.
Total: 2.210400 ms (FindLiveObjects: 0.253500 ms CreateObjectMapping: 0.049300 ms MarkObjects: 1.799800 ms  DeleteObjects: 0.106700 ms)

========================================================================
Received Prepare
Registering precompiled user dll's ...
Registered in 0.002010 seconds.
Begin MonoManager ReloadAssembly
Native extension for WindowsStandalone target not found
Native extension for WebGL target not found
Refreshing native plugins compatible for Editor in 0.59 ms, found 1 plugins.
Preloading 0 native plugins for Editor in 0.00 ms.
Invoked RoslynAnalysisRunner static constructor.
RoslynAnalysisRunner will not be running.
RoslynAnalysisRunner has terminated.
Mono: successfully reloaded assembly
- Completed reload, in  0.741 seconds
Platform modules already initialized, skipping
Refreshing native plugins compatible for Editor in 0.70 ms, found 1 plugins.
Preloading 0 native plugins for Editor in 0.00 ms.
Unloading 2018 Unused Serialized files (Serialized files now loaded: 0)
System memory in use before: 92.8 MB.
System memory in use after: 92.8 MB.

Unloading 33 unused Assets to reduce memory usage. Loaded Objects now: 2456.
Total: 2.021800 ms (FindLiveObjects: 0.263900 ms CreateObjectMapping: 0.048000 ms MarkObjects: 1.603100 ms  DeleteObjects: 0.105900 ms)

========================================================================
Received Prepare
Registering precompiled user dll's ...
Registered in 0.002729 seconds.
Begin MonoManager ReloadAssembly
Native extension for WindowsStandalone target not found
Native extension for WebGL target not found
Refreshing native plugins compatible for Editor in 0.58 ms, found 1 plugins.
Preloading 0 native plugins for Editor in 0.00 ms.
Invoked RoslynAnalysisRunner static constructor.
RoslynAnalysisRunner will not be running.
RoslynAnalysisRunner has terminated.
Mono: successfully reloaded assembly
- Completed reload, in  0.774 seconds
Platform modules already initialized, skipping
Refreshing native plugins compatible for Editor in 0.56 ms, found 1 plugins.
Preloading 0 native plugins for Editor in 0.00 ms.
Unloading 2018 Unused Serialized files (Serialized files now loaded: 0)
System memory in use before: 92.9 MB.
System memory in use after: 92.9 MB.

Unloading 33 unused Assets to reduce memory usage. Loaded Objects now: 2458.
Total: 1.984000 ms (FindLiveObjects: 0.227200 ms CreateObjectMapping: 0.048200 ms MarkObjects: 1.605800 ms  DeleteObjects: 0.101800 ms)

========================================================================
Received Prepare
Registering precompiled user dll's ...
Registered in 0.001921 seconds.
Begin MonoManager ReloadAssembly
Native extension for WindowsStandalone target not found
Native extension for WebGL target not found
Refreshing native plugins compatible for Editor in 0.65 ms, found 1 plugins.
Preloading 0 native plugins for Editor in 0.00 ms.
Invoked RoslynAnalysisRunner static constructor.
RoslynAnalysisRunner will not be running.
RoslynAnalysisRunner has terminated.
Mono: successfully reloaded assembly
- Completed reload, in  0.811 seconds
Platform modules already initialized, skipping
Refreshing native plugins compatible for Editor in 0.62 ms, found 1 plugins.
Preloading 0 native plugins for Editor in 0.00 ms.
Unloading 2018 Unused Serialized files (Serialized files now loaded: 0)
System memory in use before: 93.0 MB.
System memory in use after: 93.0 MB.

Unloading 33 unused Assets to reduce memory usage. Loaded Objects now: 2460.
Total: 2.771200 ms (FindLiveObjects: 0.255400 ms CreateObjectMapping: 0.053200 ms MarkObjects: 2.309700 ms  DeleteObjects: 0.151300 ms)

========================================================================
Received Prepare
Registering precompiled user dll's ...
Registered in 0.002044 seconds.
Begin MonoManager ReloadAssembly
Native extension for WindowsStandalone target not found
Native extension for WebGL target not found
Refreshing native plugins compatible for Editor in 0.59 ms, found 1 plugins.
Preloading 0 native plugins for Editor in 0.00 ms.
Invoked RoslynAnalysisRunner static constructor.
RoslynAnalysisRunner will not be running.
RoslynAnalysisRunner has terminated.
Mono: successfully reloaded assembly
- Completed reload, in  0.763 seconds
Platform modules already initialized, skipping
Refreshing native plugins compatible for Editor in 0.57 ms, found 1 plugins.
Preloading 0 native plugins for Editor in 0.00 ms.
Unloading 2018 Unused Serialized files (Serialized files now loaded: 0)
System memory in use before: 93.1 MB.
System memory in use after: 93.1 MB.

Unloading 33 unused Assets to reduce memory usage. Loaded Objects now: 2462.
Total: 2.284300 ms (FindLiveObjects: 0.338300 ms CreateObjectMapping: 0.070100 ms MarkObjects: 1.765600 ms  DeleteObjects: 0.109200 ms)

========================================================================
Received Prepare
Registering precompiled user dll's ...
Registered in 0.002001 seconds.
Begin MonoManager ReloadAssembly
Native extension for WindowsStandalone target not found
Native extension for WebGL target not found
Refreshing native plugins compatible for Editor in 0.69 ms, found 1 plugins.
Preloading 0 native plugins for Editor in 0.00 ms.
Invoked RoslynAnalysisRunner static constructor.
RoslynAnalysisRunner will not be running.
RoslynAnalysisRunner has terminated.
Mono: successfully reloaded assembly
- Completed reload, in  0.781 seconds
Platform modules already initialized, skipping
Refreshing native plugins compatible for Editor in 0.58 ms, found 1 plugins.
Preloading 0 native plugins for Editor in 0.00 ms.
Unloading 2018 Unused Serialized files (Serialized files now loaded: 0)
System memory in use before: 93.2 MB.
System memory in use after: 93.2 MB.

Unloading 33 unused Assets to reduce memory usage. Loaded Objects now: 2464.
Total: 2.086400 ms (FindLiveObjects: 0.254700 ms CreateObjectMapping: 0.048000 ms MarkObjects: 1.656600 ms  DeleteObjects: 0.125600 ms)

========================================================================
Received Prepare
Registering precompiled user dll's ...
Registered in 0.002120 seconds.
Begin MonoManager ReloadAssembly
Native extension for WindowsStandalone target not found
Native extension for WebGL target not found
Refreshing native plugins compatible for Editor in 0.58 ms, found 1 plugins.
Preloading 0 native plugins for Editor in 0.00 ms.
Invoked RoslynAnalysisRunner static constructor.
RoslynAnalysisRunner will not be running.
RoslynAnalysisRunner has terminated.
Mono: successfully reloaded assembly
- Completed reload, in  0.768 seconds
Platform modules already initialized, skipping
Refreshing native plugins compatible for Editor in 0.58 ms, found 1 plugins.
Preloading 0 native plugins for Editor in 0.00 ms.
Unloading 2018 Unused Serialized files (Serialized files now loaded: 0)
System memory in use before: 93.2 MB.
System memory in use after: 93.2 MB.

Unloading 33 unused Assets to reduce memory usage. Loaded Objects now: 2466.
Total: 2.216900 ms (FindLiveObjects: 0.333400 ms CreateObjectMapping: 0.069000 ms MarkObjects: 1.689400 ms  DeleteObjects: 0.123800 ms)

========================================================================
Received Prepare
Registering precompiled user dll's ...
Registered in 0.003719 seconds.
Begin MonoManager ReloadAssembly
Native extension for WindowsStandalone target not found
Native extension for WebGL target not found
Refreshing native plugins compatible for Editor in 0.59 ms, found 1 plugins.
Preloading 0 native plugins for Editor in 0.00 ms.
Invoked RoslynAnalysisRunner static constructor.
RoslynAnalysisRunner will not be running.
RoslynAnalysisRunner has terminated.
Mono: successfully reloaded assembly
- Completed reload, in  0.750 seconds
Platform modules already initialized, skipping
Refreshing native plugins compatible for Editor in 0.59 ms, found 1 plugins.
Preloading 0 native plugins for Editor in 0.00 ms.
Unloading 2018 Unused Serialized files (Serialized files now loaded: 0)
System memory in use before: 93.3 MB.
System memory in use after: 93.3 MB.

Unloading 33 unused Assets to reduce memory usage. Loaded Objects now: 2468.
Total: 2.171200 ms (FindLiveObjects: 0.269600 ms CreateObjectMapping: 0.049700 ms MarkObjects: 1.741000 ms  DeleteObjects: 0.109900 ms)

========================================================================
Received Prepare
Registering precompiled user dll's ...
Registered in 0.001929 seconds.
Begin MonoManager ReloadAssembly
Native extension for WindowsStandalone target not found
Native extension for WebGL target not found
Refreshing native plugins compatible for Editor in 0.61 ms, found 1 plugins.
Preloading 0 native plugins for Editor in 0.00 ms.
Invoked RoslynAnalysisRunner static constructor.
RoslynAnalysisRunner will not be running.
RoslynAnalysisRunner has terminated.
Mono: successfully reloaded assembly
- Completed reload, in  0.789 seconds
Platform modules already initialized, skipping
Refreshing native plugins compatible for Editor in 0.58 ms, found 1 plugins.
Preloading 0 native plugins for Editor in 0.00 ms.
Unloading 2018 Unused Serialized files (Serialized files now loaded: 0)
System memory in use before: 93.4 MB.
System memory in use after: 93.4 MB.

Unloading 33 unused Assets to reduce memory usage. Loaded Objects now: 2470.
Total: 2.803100 ms (FindLiveObjects: 0.280700 ms CreateObjectMapping: 0.050600 ms MarkObjects: 1.700600 ms  DeleteObjects: 0.769500 ms)

========================================================================
Received Prepare
Registering precompiled user dll's ...
Registered in 0.001945 seconds.
Begin MonoManager ReloadAssembly
Native extension for WindowsStandalone target not found
Native extension for WebGL target not found
Refreshing native plugins compatible for Editor in 0.61 ms, found 1 plugins.
Preloading 0 native plugins for Editor in 0.00 ms.
Invoked RoslynAnalysisRunner static constructor.
RoslynAnalysisRunner will not be running.
RoslynAnalysisRunner has terminated.
Mono: successfully reloaded assembly
- Completed reload, in  0.786 seconds
Platform modules already initialized, skipping
Refreshing native plugins compatible for Editor in 0.59 ms, found 1 plugins.
Preloading 0 native plugins for Editor in 0.00 ms.
Unloading 2018 Unused Serialized files (Serialized files now loaded: 0)
System memory in use before: 93.4 MB.
System memory in use after: 93.4 MB.

Unloading 33 unused Assets to reduce memory usage. Loaded Objects now: 2472.
Total: 2.878200 ms (FindLiveObjects: 0.337300 ms CreateObjectMapping: 0.064300 ms MarkObjects: 2.328200 ms  DeleteObjects: 0.147200 ms)

========================================================================
Received Prepare
Registering precompiled user dll's ...
Registered in 0.002775 seconds.
Begin MonoManager ReloadAssembly
Native extension for WindowsStandalone target not found
Native extension for WebGL target not found
Refreshing native plugins compatible for Editor in 0.60 ms, found 1 plugins.
Preloading 0 native plugins for Editor in 0.00 ms.
Invoked RoslynAnalysisRunner static constructor.
RoslynAnalysisRunner will not be running.
RoslynAnalysisRunner has terminated.
Mono: successfully reloaded assembly
- Completed reload, in  0.776 seconds
Platform modules already initialized, skipping
Refreshing native plugins compatible for Editor in 0.63 ms, found 1 plugins.
Preloading 0 native plugins for Editor in 0.00 ms.
Unloading 2018 Unused Serialized files (Serialized files now loaded: 0)
System memory in use before: 93.5 MB.
System memory in use after: 93.5 MB.

Unloading 33 unused Assets to reduce memory usage. Loaded Objects now: 2474.
Total: 2.238400 ms (FindLiveObjects: 0.248300 ms CreateObjectMapping: 0.048800 ms MarkObjects: 1.821300 ms  DeleteObjects: 0.118700 ms)

========================================================================
Received Import Request.
  Time since last request: 1120.960113 seconds.
  path: Assets/EnemyBasic.prefab
  artifactKey: Guid(d78e612f4f5819d4f978f8de35992482) Importer(815301076,1909f56bfc062723c751e8b465ee728b)
Start importing Assets/EnemyBasic.prefab using Guid(d78e612f4f5819d4f978f8de35992482) Importer(815301076,1909f56bfc062723c751e8b465ee728b)  -> (artifact id: 'b990f663d22bd8df6206c9a9965a3021') in 0.065778 seconds
  Import took 0.069309 seconds .

========================================================================
Received Prepare
Registering precompiled user dll's ...
Registered in 0.002232 seconds.
Begin MonoManager ReloadAssembly
Native extension for WindowsStandalone target not found
Native extension for WebGL target not found
Refreshing native plugins compatible for Editor in 0.65 ms, found 1 plugins.
Preloading 0 native plugins for Editor in 0.00 ms.
Invoked RoslynAnalysisRunner static constructor.
RoslynAnalysisRunner will not be running.
RoslynAnalysisRunner has terminated.
Mono: successfully reloaded assembly
- Completed reload, in  0.755 seconds
Platform modules already initialized, skipping
Refreshing native plugins compatible for Editor in 0.87 ms, found 1 plugins.
Preloading 0 native plugins for Editor in 0.00 ms.
Unloading 2018 Unused Serialized files (Serialized files now loaded: 0)
System memory in use before: 93.6 MB.
System memory in use after: 93.6 MB.

Unloading 33 unused Assets to reduce memory usage. Loaded Objects now: 2477.
Total: 2.222700 ms (FindLiveObjects: 0.249800 ms CreateObjectMapping: 0.048200 ms MarkObjects: 1.815200 ms  DeleteObjects: 0.108400 ms)

========================================================================
Received Import Request.
  Time since last request: 10.144077 seconds.
  path: Assets/EnemyBasic.prefab
  artifactKey: Guid(d78e612f4f5819d4f978f8de35992482) Importer(815301076,1909f56bfc062723c751e8b465ee728b)
Start importing Assets/EnemyBasic.prefab using Guid(d78e612f4f5819d4f978f8de35992482) Importer(815301076,1909f56bfc062723c751e8b465ee728b)  -> (artifact id: '15a6e1ea1c857b7197684e5f6b4d3b0b') in 0.050089 seconds
  Import took 0.053590 seconds .

========================================================================
Received Import Request.
  Time since last request: 0.900649 seconds.
  path: Assets/EnemyBasic.prefab
  artifactKey: Guid(d78e612f4f5819d4f978f8de35992482) Importer(815301076,1909f56bfc062723c751e8b465ee728b)
Start importing Assets/EnemyBasic.prefab using Guid(d78e612f4f5819d4f978f8de35992482) Importer(815301076,1909f56bfc062723c751e8b465ee728b)  -> (artifact id: '51de34f2e6a97a40cf4a9d1d4620f3c7') in 0.009930 seconds
  Import took 0.013812 seconds .

========================================================================
Received Import Request.
  Time since last request: 5.691286 seconds.
  path: Assets/EnemyBasic.prefab
  artifactKey: Guid(d78e612f4f5819d4f978f8de35992482) Importer(815301076,1909f56bfc062723c751e8b465ee728b)
Start importing Assets/EnemyBasic.prefab using Guid(d78e612f4f5819d4f978f8de35992482) Importer(815301076,1909f56bfc062723c751e8b465ee728b)  -> (artifact id: '3150704ab7cc21ca2e2068a4bd6d3fc1') in 0.009462 seconds
  Import took 0.012919 seconds .

========================================================================
Received Prepare
Registering precompiled user dll's ...
Registered in 0.001951 seconds.
Begin MonoManager ReloadAssembly
Native extension for WindowsStandalone target not found
Native extension for WebGL target not found
Refreshing native plugins compatible for Editor in 0.64 ms, found 1 plugins.
Preloading 0 native plugins for Editor in 0.00 ms.
Invoked RoslynAnalysisRunner static constructor.
RoslynAnalysisRunner will not be running.
RoslynAnalysisRunner has terminated.
Mono: successfully reloaded assembly
- Completed reload, in  0.748 seconds
Platform modules already initialized, skipping
Refreshing native plugins compatible for Editor in 0.58 ms, found 1 plugins.
Preloading 0 native plugins for Editor in 0.00 ms.
Unloading 2018 Unused Serialized files (Serialized files now loaded: 0)
System memory in use before: 93.7 MB.
System memory in use after: 93.7 MB.

Unloading 33 unused Assets to reduce memory usage. Loaded Objects now: 2480.
Total: 2.036700 ms (FindLiveObjects: 0.275900 ms CreateObjectMapping: 0.048200 ms MarkObjects: 1.603200 ms  DeleteObjects: 0.108200 ms)

========================================================================
Received Prepare
Registering precompiled user dll's ...
Registered in 0.001997 seconds.
Begin MonoManager ReloadAssembly
Native extension for WindowsStandalone target not found
Native extension for WebGL target not found
Refreshing native plugins compatible for Editor in 0.59 ms, found 1 plugins.
Preloading 0 native plugins for Editor in 0.00 ms.
Invoked RoslynAnalysisRunner static constructor.
RoslynAnalysisRunner will not be running.
RoslynAnalysisRunner has terminated.
Mono: successfully reloaded assembly
- Completed reload, in  0.760 seconds
Platform modules already initialized, skipping
Refreshing native plugins compatible for Editor in 0.57 ms, found 1 plugins.
Preloading 0 native plugins for Editor in 0.00 ms.
Unloading 2018 Unused Serialized files (Serialized files now loaded: 0)
System memory in use before: 93.7 MB.
System memory in use after: 93.7 MB.

Unloading 33 unused Assets to reduce memory usage. Loaded Objects now: 2482.
Total: 2.473900 ms (FindLiveObjects: 0.250100 ms CreateObjectMapping: 0.048900 ms MarkObjects: 2.054100 ms  DeleteObjects: 0.119600 ms)

========================================================================
Received Prepare
Registering precompiled user dll's ...
Registered in 0.003271 seconds.
Begin MonoManager ReloadAssembly
Native extension for WindowsStandalone target not found
Native extension for WebGL target not found
Refreshing native plugins compatible for Editor in 0.88 ms, found 1 plugins.
Preloading 0 native plugins for Editor in 0.00 ms.
Invoked RoslynAnalysisRunner static constructor.
RoslynAnalysisRunner will not be running.
RoslynAnalysisRunner has terminated.
Mono: successfully reloaded assembly
- Completed reload, in  0.845 seconds
Platform modules already initialized, skipping
Refreshing native plugins compatible for Editor in 0.57 ms, found 1 plugins.
Preloading 0 native plugins for Editor in 0.00 ms.
Unloading 2018 Unused Serialized files (Serialized files now loaded: 0)
System memory in use before: 93.8 MB.
System memory in use after: 93.8 MB.

Unloading 33 unused Assets to reduce memory usage. Loaded Objects now: 2484.
Total: 2.050000 ms (FindLiveObjects: 0.246800 ms CreateObjectMapping: 0.048400 ms MarkObjects: 1.645100 ms  DeleteObjects: 0.108700 ms)

========================================================================
Received Prepare
Registering precompiled user dll's ...
Registered in 0.002502 seconds.
Begin MonoManager ReloadAssembly
Native extension for WindowsStandalone target not found
Native extension for WebGL target not found
Refreshing native plugins compatible for Editor in 0.67 ms, found 1 plugins.
Preloading 0 native plugins for Editor in 0.00 ms.
Invoked RoslynAnalysisRunner static constructor.
RoslynAnalysisRunner will not be running.
RoslynAnalysisRunner has terminated.
Mono: successfully reloaded assembly
- Completed reload, in  0.767 seconds
Platform modules already initialized, skipping
Refreshing native plugins compatible for Editor in 0.58 ms, found 1 plugins.
Preloading 0 native plugins for Editor in 0.00 ms.
Unloading 2018 Unused Serialized files (Serialized files now loaded: 0)
System memory in use before: 93.9 MB.
System memory in use after: 93.9 MB.

Unloading 33 unused Assets to reduce memory usage. Loaded Objects now: 2486.
Total: 2.218900 ms (FindLiveObjects: 0.440800 ms CreateObjectMapping: 0.049300 ms MarkObjects: 1.618200 ms  DeleteObjects: 0.109500 ms)

========================================================================
Received Prepare
Registering precompiled user dll's ...
Registered in 0.001947 seconds.
Begin MonoManager ReloadAssembly
Native extension for WindowsStandalone target not found
Native extension for WebGL target not found
Refreshing native plugins compatible for Editor in 0.73 ms, found 1 plugins.
Preloading 0 native plugins for Editor in 0.00 ms.
Invoked RoslynAnalysisRunner static constructor.
RoslynAnalysisRunner will not be running.
RoslynAnalysisRunner has terminated.
Mono: successfully reloaded assembly
- Completed reload, in  0.750 seconds
Platform modules already initialized, skipping
Refreshing native plugins compatible for Editor in 0.85 ms, found 1 plugins.
Preloading 0 native plugins for Editor in 0.00 ms.
Unloading 2018 Unused Serialized files (Serialized files now loaded: 0)
System memory in use before: 93.9 MB.
System memory in use after: 93.9 MB.

Unloading 33 unused Assets to reduce memory usage. Loaded Objects now: 2488.
Total: 2.245600 ms (FindLiveObjects: 0.257300 ms CreateObjectMapping: 0.049100 ms MarkObjects: 1.826600 ms  DeleteObjects: 0.111600 ms)

========================================================================
Received Prepare
Registering precompiled user dll's ...
Registered in 0.002122 seconds.
Begin MonoManager ReloadAssembly
Native extension for WindowsStandalone target not found
Native extension for WebGL target not found
Refreshing native plugins compatible for Editor in 0.60 ms, found 1 plugins.
Preloading 0 native plugins for Editor in 0.00 ms.
Invoked RoslynAnalysisRunner static constructor.
RoslynAnalysisRunner will not be running.
RoslynAnalysisRunner has terminated.
Mono: successfully reloaded assembly
- Completed reload, in  0.758 seconds
Platform modules already initialized, skipping
Refreshing native plugins compatible for Editor in 0.60 ms, found 1 plugins.
Preloading 0 native plugins for Editor in 0.00 ms.
Unloading 2018 Unused Serialized files (Serialized files now loaded: 0)
System memory in use before: 94.0 MB.
System memory in use after: 94.0 MB.

Unloading 33 unused Assets to reduce memory usage. Loaded Objects now: 2490.
Total: 2.130100 ms (FindLiveObjects: 0.265400 ms CreateObjectMapping: 0.051800 ms MarkObjects: 1.703200 ms  DeleteObjects: 0.108600 ms)

========================================================================
Received Prepare
Registering precompiled user dll's ...
Registered in 0.003082 seconds.
Begin MonoManager ReloadAssembly
Native extension for WindowsStandalone target not found
Native extension for WebGL target not found
Refreshing native plugins compatible for Editor in 0.63 ms, found 1 plugins.
Preloading 0 native plugins for Editor in 0.00 ms.
Invoked RoslynAnalysisRunner static constructor.
RoslynAnalysisRunner will not be running.
RoslynAnalysisRunner has terminated.
Mono: successfully reloaded assembly
- Completed reload, in  0.754 seconds
Platform modules already initialized, skipping
Refreshing native plugins compatible for Editor in 0.60 ms, found 1 plugins.
Preloading 0 native plugins for Editor in 0.00 ms.
Unloading 2018 Unused Serialized files (Serialized files now loaded: 0)
System memory in use before: 94.1 MB.
System memory in use after: 94.1 MB.

Unloading 33 unused Assets to reduce memory usage. Loaded Objects now: 2492.
Total: 2.248800 ms (FindLiveObjects: 0.361900 ms CreateObjectMapping: 0.070000 ms MarkObjects: 1.696500 ms  DeleteObjects: 0.119500 ms)

========================================================================
Received Prepare
Registering precompiled user dll's ...
Registered in 0.001987 seconds.
Begin MonoManager ReloadAssembly
Native extension for WindowsStandalone target not found
Native extension for WebGL target not found
Refreshing native plugins compatible for Editor in 0.59 ms, found 1 plugins.
Preloading 0 native plugins for Editor in 0.00 ms.
Invoked RoslynAnalysisRunner static constructor.
RoslynAnalysisRunner will not be running.
RoslynAnalysisRunner has terminated.
Mono: successfully reloaded assembly
- Completed reload, in  0.796 seconds
Platform modules already initialized, skipping
Refreshing native plugins compatible for Editor in 0.64 ms, found 1 plugins.
Preloading 0 native plugins for Editor in 0.00 ms.
Unloading 2018 Unused Serialized files (Serialized files now loaded: 0)
System memory in use before: 94.2 MB.
System memory in use after: 94.2 MB.

Unloading 33 unused Assets to reduce memory usage. Loaded Objects now: 2494.
Total: 2.108000 ms (FindLiveObjects: 0.243000 ms CreateObjectMapping: 0.049400 ms MarkObjects: 1.699600 ms  DeleteObjects: 0.115200 ms)

========================================================================
Received Prepare
Registering precompiled user dll's ...
Registered in 0.002025 seconds.
Begin MonoManager ReloadAssembly
Native extension for WindowsStandalone target not found
Native extension for WebGL target not found
Refreshing native plugins compatible for Editor in 0.61 ms, found 1 plugins.
Preloading 0 native plugins for Editor in 0.00 ms.
Invoked RoslynAnalysisRunner static constructor.
RoslynAnalysisRunner will not be running.
RoslynAnalysisRunner has terminated.
Mono: successfully reloaded assembly
- Completed reload, in  0.778 seconds
Platform modules already initialized, skipping
Refreshing native plugins compatible for Editor in 0.54 ms, found 1 plugins.
Preloading 0 native plugins for Editor in 0.00 ms.
Unloading 2018 Unused Serialized files (Serialized files now loaded: 0)
System memory in use before: 94.2 MB.
System memory in use after: 94.2 MB.

Unloading 33 unused Assets to reduce memory usage. Loaded Objects now: 2496.
Total: 2.706900 ms (FindLiveObjects: 0.265600 ms CreateObjectMapping: 0.048700 ms MarkObjects: 2.235400 ms  DeleteObjects: 0.155600 ms)

========================================================================
Received Prepare
Registering precompiled user dll's ...
Registered in 0.001927 seconds.
Begin MonoManager ReloadAssembly
Native extension for WindowsStandalone target not found
Native extension for WebGL target not found
Refreshing native plugins compatible for Editor in 0.60 ms, found 1 plugins.
Preloading 0 native plugins for Editor in 0.00 ms.
Invoked RoslynAnalysisRunner static constructor.
RoslynAnalysisRunner will not be running.
RoslynAnalysisRunner has terminated.
Mono: successfully reloaded assembly
- Completed reload, in  0.817 seconds
Platform modules already initialized, skipping
Refreshing native plugins compatible for Editor in 0.59 ms, found 1 plugins.
Preloading 0 native plugins for Editor in 0.00 ms.
Unloading 2018 Unused Serialized files (Serialized files now loaded: 0)
System memory in use before: 94.3 MB.
System memory in use after: 94.3 MB.

Unloading 33 unused Assets to reduce memory usage. Loaded Objects now: 2498.
Total: 2.148100 ms (FindLiveObjects: 0.263000 ms CreateObjectMapping: 0.048000 ms MarkObjects: 1.717800 ms  DeleteObjects: 0.118100 ms)

========================================================================
Received Prepare
Registering precompiled user dll's ...
Registered in 0.001951 seconds.
Begin MonoManager ReloadAssembly
Native extension for WindowsStandalone target not found
Native extension for WebGL target not found
Refreshing native plugins compatible for Editor in 0.60 ms, found 1 plugins.
Preloading 0 native plugins for Editor in 0.00 ms.
Invoked RoslynAnalysisRunner static constructor.
RoslynAnalysisRunner will not be running.
RoslynAnalysisRunner has terminated.
Mono: successfully reloaded assembly
- Completed reload, in  0.793 seconds
Platform modules already initialized, skipping
Refreshing native plugins compatible for Editor in 0.62 ms, found 1 plugins.
Preloading 0 native plugins for Editor in 0.00 ms.
Unloading 2018 Unused Serialized files (Serialized files now loaded: 0)
System memory in use before: 94.4 MB.
System memory in use after: 94.4 MB.

Unloading 33 unused Assets to reduce memory usage. Loaded Objects now: 2500.
Total: 2.264800 ms (FindLiveObjects: 0.363100 ms CreateObjectMapping: 0.068500 ms MarkObjects: 1.709600 ms  DeleteObjects: 0.122500 ms)

========================================================================
Received Prepare
Registering precompiled user dll's ...
Registered in 0.002133 seconds.
Begin MonoManager ReloadAssembly
Native extension for WindowsStandalone target not found
Native extension for WebGL target not found
Refreshing native plugins compatible for Editor in 0.59 ms, found 1 plugins.
Preloading 0 native plugins for Editor in 0.00 ms.
Invoked RoslynAnalysisRunner static constructor.
RoslynAnalysisRunner will not be running.
RoslynAnalysisRunner has terminated.
Mono: successfully reloaded assembly
- Completed reload, in  0.726 seconds
Platform modules already initialized, skipping
Refreshing native plugins compatible for Editor in 0.59 ms, found 1 plugins.
Preloading 0 native plugins for Editor in 0.00 ms.
Unloading 2018 Unused Serialized files (Serialized files now loaded: 0)
System memory in use before: 94.4 MB.
System memory in use after: 94.4 MB.

Unloading 33 unused Assets to reduce memory usage. Loaded Objects now: 2502.
Total: 2.040500 ms (FindLiveObjects: 0.228700 ms CreateObjectMapping: 0.051300 ms MarkObjects: 1.652000 ms  DeleteObjects: 0.107400 ms)

========================================================================
Received Prepare
Registering precompiled user dll's ...
Registered in 0.001984 seconds.
Begin MonoManager ReloadAssembly
Native extension for WindowsStandalone target not found
Native extension for WebGL target not found
Refreshing native plugins compatible for Editor in 0.66 ms, found 1 plugins.
Preloading 0 native plugins for Editor in 0.00 ms.
Invoked RoslynAnalysisRunner static constructor.
RoslynAnalysisRunner will not be running.
RoslynAnalysisRunner has terminated.
Mono: successfully reloaded assembly
- Completed reload, in  0.775 seconds
Platform modules already initialized, skipping
Refreshing native plugins compatible for Editor in 0.59 ms, found 1 plugins.
Preloading 0 native plugins for Editor in 0.00 ms.
Unloading 2018 Unused Serialized files (Serialized files now loaded: 0)
System memory in use before: 94.5 MB.
System memory in use after: 94.5 MB.

Unloading 33 unused Assets to reduce memory usage. Loaded Objects now: 2504.
Total: 2.484100 ms (FindLiveObjects: 0.383800 ms CreateObjectMapping: 0.052000 ms MarkObjects: 1.913400 ms  DeleteObjects: 0.133000 ms)

========================================================================
Received Prepare
Registering precompiled user dll's ...
Registered in 0.002029 seconds.
Begin MonoManager ReloadAssembly
Native extension for WindowsStandalone target not found
Native extension for WebGL target not found
Refreshing native plugins compatible for Editor in 0.64 ms, found 1 plugins.
Preloading 0 native plugins for Editor in 0.00 ms.
Invoked RoslynAnalysisRunner static constructor.
RoslynAnalysisRunner will not be running.
RoslynAnalysisRunner has terminated.
Mono: successfully reloaded assembly
- Completed reload, in  0.788 seconds
Platform modules already initialized, skipping
Refreshing native plugins compatible for Editor in 0.59 ms, found 1 plugins.
Preloading 0 native plugins for Editor in 0.00 ms.
Unloading 2018 Unused Serialized files (Serialized files now loaded: 0)
System memory in use before: 94.6 MB.
System memory in use after: 94.6 MB.

Unloading 33 unused Assets to reduce memory usage. Loaded Objects now: 2506.
Total: 2.274900 ms (FindLiveObjects: 0.266000 ms CreateObjectMapping: 0.048400 ms MarkObjects: 1.840900 ms  DeleteObjects: 0.118500 ms)

========================================================================
Received Prepare
Registering precompiled user dll's ...
Registered in 0.002084 seconds.
Begin MonoManager ReloadAssembly
Native extension for WindowsStandalone target not found
Native extension for WebGL target not found
Refreshing native plugins compatible for Editor in 0.64 ms, found 1 plugins.
Preloading 0 native plugins for Editor in 0.00 ms.
Invoked RoslynAnalysisRunner static constructor.
RoslynAnalysisRunner will not be running.
RoslynAnalysisRunner has terminated.
Mono: successfully reloaded assembly
- Completed reload, in  0.766 seconds
Platform modules already initialized, skipping
Refreshing native plugins compatible for Editor in 0.58 ms, found 1 plugins.
Preloading 0 native plugins for Editor in 0.00 ms.
Unloading 2018 Unused Serialized files (Serialized files now loaded: 0)
System memory in use before: 94.6 MB.
System memory in use after: 94.6 MB.

Unloading 33 unused Assets to reduce memory usage. Loaded Objects now: 2508.
Total: 2.131200 ms (FindLiveObjects: 0.305900 ms CreateObjectMapping: 0.050000 ms MarkObjects: 1.657500 ms  DeleteObjects: 0.116700 ms)

========================================================================
Received Import Request.
  Time since last request: 1179.178027 seconds.
  path: Assets/EnemyBasic.prefab
  artifactKey: Guid(d78e612f4f5819d4f978f8de35992482) Importer(815301076,1909f56bfc062723c751e8b465ee728b)
Start importing Assets/EnemyBasic.prefab using Guid(d78e612f4f5819d4f978f8de35992482) Importer(815301076,1909f56bfc062723c751e8b465ee728b)  -> (artifact id: '57d315e7d3a0685efa53302b6ca2f305') in 0.062611 seconds
  Import took 0.066792 seconds .

========================================================================
Received Import Request.
  Time since last request: 9.200703 seconds.
  path: Assets/EnemyBasic.prefab
  artifactKey: Guid(d78e612f4f5819d4f978f8de35992482) Importer(815301076,1909f56bfc062723c751e8b465ee728b)
Start importing Assets/EnemyBasic.prefab using Guid(d78e612f4f5819d4f978f8de35992482) Importer(815301076,1909f56bfc062723c751e8b465ee728b)  -> (artifact id: '5da8e783c6785da5a789ffb5c7a4e4e3') in 0.014609 seconds
  Import took 0.018767 seconds .

========================================================================
Received Prepare
Registering precompiled user dll's ...
Registered in 0.001932 seconds.
Begin MonoManager ReloadAssembly
Native extension for WindowsStandalone target not found
Native extension for WebGL target not found
Refreshing native plugins compatible for Editor in 0.62 ms, found 1 plugins.
Preloading 0 native plugins for Editor in 0.00 ms.
Invoked RoslynAnalysisRunner static constructor.
RoslynAnalysisRunner will not be running.
RoslynAnalysisRunner has terminated.
Mono: successfully reloaded assembly
- Completed reload, in  0.794 seconds
Platform modules already initialized, skipping
Refreshing native plugins compatible for Editor in 0.61 ms, found 1 plugins.
Preloading 0 native plugins for Editor in 0.00 ms.
Unloading 2018 Unused Serialized files (Serialized files now loaded: 0)
System memory in use before: 94.7 MB.
System memory in use after: 94.7 MB.

Unloading 33 unused Assets to reduce memory usage. Loaded Objects now: 2511.
Total: 2.472200 ms (FindLiveObjects: 0.391700 ms CreateObjectMapping: 0.070200 ms MarkObjects: 1.881400 ms  DeleteObjects: 0.127500 ms)

========================================================================
Received Prepare
Registering precompiled user dll's ...
Registered in 0.001917 seconds.
Begin MonoManager ReloadAssembly
Native extension for WindowsStandalone target not found
Native extension for WebGL target not found
Refreshing native plugins compatible for Editor in 0.59 ms, found 1 plugins.
Preloading 0 native plugins for Editor in 0.00 ms.
Invoked RoslynAnalysisRunner static constructor.
RoslynAnalysisRunner will not be running.
RoslynAnalysisRunner has terminated.
Mono: successfully reloaded assembly
- Completed reload, in  0.788 seconds
Platform modules already initialized, skipping
Refreshing native plugins compatible for Editor in 0.90 ms, found 1 plugins.
Preloading 0 native plugins for Editor in 0.00 ms.
Unloading 2018 Unused Serialized files (Serialized files now loaded: 0)
System memory in use before: 94.8 MB.
System memory in use after: 94.8 MB.

Unloading 33 unused Assets to reduce memory usage. Loaded Objects now: 2513.
Total: 2.841400 ms (FindLiveObjects: 0.320000 ms CreateObjectMapping: 0.140200 ms MarkObjects: 2.234200 ms  DeleteObjects: 0.145900 ms)

========================================================================
Received Prepare
Registering precompiled user dll's ...
Registered in 0.002006 seconds.
Begin MonoManager ReloadAssembly
Native extension for WindowsStandalone target not found
Native extension for WebGL target not found
Refreshing native plugins compatible for Editor in 0.59 ms, found 1 plugins.
Preloading 0 native plugins for Editor in 0.00 ms.
Invoked RoslynAnalysisRunner static constructor.
RoslynAnalysisRunner will not be running.
RoslynAnalysisRunner has terminated.
Mono: successfully reloaded assembly
- Completed reload, in  0.747 seconds
Platform modules already initialized, skipping
Refreshing native plugins compatible for Editor in 0.58 ms, found 1 plugins.
Preloading 0 native plugins for Editor in 0.00 ms.
Unloading 2018 Unused Serialized files (Serialized files now loaded: 0)
System memory in use before: 94.9 MB.
System memory in use after: 94.9 MB.

Unloading 33 unused Assets to reduce memory usage. Loaded Objects now: 2515.
Total: 2.266800 ms (FindLiveObjects: 0.397100 ms CreateObjectMapping: 0.082900 ms MarkObjects: 1.678200 ms  DeleteObjects: 0.107600 ms)

========================================================================
Received Prepare
Registering precompiled user dll's ...
Registered in 0.002888 seconds.
Begin MonoManager ReloadAssembly
Native extension for WindowsStandalone target not found
Native extension for WebGL target not found
Refreshing native plugins compatible for Editor in 0.63 ms, found 1 plugins.
Preloading 0 native plugins for Editor in 0.00 ms.
Invoked RoslynAnalysisRunner static constructor.
RoslynAnalysisRunner will not be running.
RoslynAnalysisRunner has terminated.
Mono: successfully reloaded assembly
- Completed reload, in  0.744 seconds
Platform modules already initialized, skipping
Refreshing native plugins compatible for Editor in 0.60 ms, found 1 plugins.
Preloading 0 native plugins for Editor in 0.00 ms.
Unloading 2018 Unused Serialized files (Serialized files now loaded: 0)
System memory in use before: 94.9 MB.
System memory in use after: 94.9 MB.

Unloading 33 unused Assets to reduce memory usage. Loaded Objects now: 2517.
Total: 2.290800 ms (FindLiveObjects: 0.250300 ms CreateObjectMapping: 0.049200 ms MarkObjects: 1.878700 ms  DeleteObjects: 0.111600 ms)

========================================================================
Received Prepare
Registering precompiled user dll's ...
Registered in 0.003066 seconds.
Begin MonoManager ReloadAssembly
Native extension for WindowsStandalone target not found
Native extension for WebGL target not found
Refreshing native plugins compatible for Editor in 0.65 ms, found 1 plugins.
Preloading 0 native plugins for Editor in 0.00 ms.
Invoked RoslynAnalysisRunner static constructor.
RoslynAnalysisRunner will not be running.
RoslynAnalysisRunner has terminated.
Mono: successfully reloaded assembly
- Completed reload, in  0.773 seconds
Platform modules already initialized, skipping
Refreshing native plugins compatible for Editor in 0.74 ms, found 1 plugins.
Preloading 0 native plugins for Editor in 0.00 ms.
Unloading 2018 Unused Serialized files (Serialized files now loaded: 0)
System memory in use before: 94.0 MB.
System memory in use after: 94.0 MB.

Unloading 33 unused Assets to reduce memory usage. Loaded Objects now: 2519.
Total: 2.086700 ms (FindLiveObjects: 0.250700 ms CreateObjectMapping: 0.048600 ms MarkObjects: 1.677600 ms  DeleteObjects: 0.108900 ms)

========================================================================
Received Prepare
Registering precompiled user dll's ...
Registered in 0.001972 seconds.
Begin MonoManager ReloadAssembly
Native extension for WindowsStandalone target not found
Native extension for WebGL target not found
Refreshing native plugins compatible for Editor in 0.60 ms, found 1 plugins.
Preloading 0 native plugins for Editor in 0.00 ms.
Invoked RoslynAnalysisRunner static constructor.
RoslynAnalysisRunner will not be running.
RoslynAnalysisRunner has terminated.
Mono: successfully reloaded assembly
- Completed reload, in  0.797 seconds
Platform modules already initialized, skipping
Refreshing native plugins compatible for Editor in 0.61 ms, found 1 plugins.
Preloading 0 native plugins for Editor in 0.00 ms.
Unloading 2018 Unused Serialized files (Serialized files now loaded: 0)
System memory in use before: 94.1 MB.
System memory in use after: 94.1 MB.

Unloading 33 unused Assets to reduce memory usage. Loaded Objects now: 2521.
Total: 2.310800 ms (FindLiveObjects: 0.294900 ms CreateObjectMapping: 0.049000 ms MarkObjects: 1.841200 ms  DeleteObjects: 0.124700 ms)

========================================================================
Received Prepare
Registering precompiled user dll's ...
Registered in 0.001984 seconds.
Begin MonoManager ReloadAssembly
Native extension for WindowsStandalone target not found
Native extension for WebGL target not found
Refreshing native plugins compatible for Editor in 0.60 ms, found 1 plugins.
Preloading 0 native plugins for Editor in 0.00 ms.
Invoked RoslynAnalysisRunner static constructor.
RoslynAnalysisRunner will not be running.
RoslynAnalysisRunner has terminated.
Mono: successfully reloaded assembly
- Completed reload, in  0.806 seconds
Platform modules already initialized, skipping
Refreshing native plugins compatible for Editor in 0.58 ms, found 1 plugins.
Preloading 0 native plugins for Editor in 0.00 ms.
Unloading 2018 Unused Serialized files (Serialized files now loaded: 0)
System memory in use before: 94.2 MB.
System memory in use after: 94.2 MB.

Unloading 33 unused Assets to reduce memory usage. Loaded Objects now: 2523.
Total: 2.666300 ms (FindLiveObjects: 0.257900 ms CreateObjectMapping: 0.048100 ms MarkObjects: 2.235700 ms  DeleteObjects: 0.123400 ms)

========================================================================
Received Import Request.
  Time since last request: 364.854712 seconds.
  path: Assets/EnemyBasic.prefab
  artifactKey: Guid(d78e612f4f5819d4f978f8de35992482) Importer(815301076,1909f56bfc062723c751e8b465ee728b)
Start importing Assets/EnemyBasic.prefab using Guid(d78e612f4f5819d4f978f8de35992482) Importer(815301076,1909f56bfc062723c751e8b465ee728b)  -> (artifact id: 'b114ef13a5e785b198f86b00995db2d8') in 0.065198 seconds
  Import took 0.069319 seconds .

========================================================================
Received Prepare
Registering precompiled user dll's ...
Registered in 0.003388 seconds.
Begin MonoManager ReloadAssembly
Native extension for WindowsStandalone target not found
Native extension for WebGL target not found
Refreshing native plugins compatible for Editor in 0.68 ms, found 1 plugins.
Preloading 0 native plugins for Editor in 0.00 ms.
Invoked RoslynAnalysisRunner static constructor.
RoslynAnalysisRunner will not be running.
RoslynAnalysisRunner has terminated.
Mono: successfully reloaded assembly
- Completed reload, in  0.795 seconds
Platform modules already initialized, skipping
Refreshing native plugins compatible for Editor in 0.58 ms, found 1 plugins.
Preloading 0 native plugins for Editor in 0.00 ms.
Unloading 2018 Unused Serialized files (Serialized files now loaded: 0)
System memory in use before: 94.2 MB.
System memory in use after: 94.2 MB.

Unloading 33 unused Assets to reduce memory usage. Loaded Objects now: 2526.
Total: 3.050900 ms (FindLiveObjects: 0.456100 ms CreateObjectMapping: 0.073300 ms MarkObjects: 2.384500 ms  DeleteObjects: 0.135500 ms)

========================================================================
Received Import Request.
  Time since last request: 10.866244 seconds.
  path: Assets/EnemyBasic.prefab
  artifactKey: Guid(d78e612f4f5819d4f978f8de35992482) Importer(815301076,1909f56bfc062723c751e8b465ee728b)
Start importing Assets/EnemyBasic.prefab using Guid(d78e612f4f5819d4f978f8de35992482) Importer(815301076,1909f56bfc062723c751e8b465ee728b)  -> (artifact id: 'e78e0b7f904cf9a0919d16db19f04ee2') in 0.048788 seconds
  Import took 0.052269 seconds .

========================================================================
Received Prepare
Registering precompiled user dll's ...
Registered in 0.001927 seconds.
Begin MonoManager ReloadAssembly
Native extension for WindowsStandalone target not found
Native extension for WebGL target not found
Refreshing native plugins compatible for Editor in 0.87 ms, found 1 plugins.
Preloading 0 native plugins for Editor in 0.00 ms.
Invoked RoslynAnalysisRunner static constructor.
RoslynAnalysisRunner will not be running.
RoslynAnalysisRunner has terminated.
Mono: successfully reloaded assembly
- Completed reload, in  0.807 seconds
Platform modules already initialized, skipping
Refreshing native plugins compatible for Editor in 0.60 ms, found 1 plugins.
Preloading 0 native plugins for Editor in 0.00 ms.
Unloading 2018 Unused Serialized files (Serialized files now loaded: 0)
System memory in use before: 94.3 MB.
System memory in use after: 94.3 MB.

Unloading 33 unused Assets to reduce memory usage. Loaded Objects now: 2529.
Total: 2.476000 ms (FindLiveObjects: 0.344200 ms CreateObjectMapping: 0.048400 ms MarkObjects: 1.944900 ms  DeleteObjects: 0.137100 ms)

========================================================================
Received Prepare
Registering precompiled user dll's ...
Registered in 0.001997 seconds.
Begin MonoManager ReloadAssembly
Native extension for WindowsStandalone target not found
Native extension for WebGL target not found
Refreshing native plugins compatible for Editor in 0.60 ms, found 1 plugins.
Preloading 0 native plugins for Editor in 0.00 ms.
Invoked RoslynAnalysisRunner static constructor.
RoslynAnalysisRunner will not be running.
RoslynAnalysisRunner has terminated.
Mono: successfully reloaded assembly
- Completed reload, in  0.787 seconds
Platform modules already initialized, skipping
Refreshing native plugins compatible for Editor in 0.61 ms, found 1 plugins.
Preloading 0 native plugins for Editor in 0.00 ms.
Unloading 2018 Unused Serialized files (Serialized files now loaded: 0)
System memory in use before: 94.4 MB.
System memory in use after: 94.4 MB.

Unloading 33 unused Assets to reduce memory usage. Loaded Objects now: 2531.
Total: 2.790900 ms (FindLiveObjects: 0.306000 ms CreateObjectMapping: 0.062900 ms MarkObjects: 2.274800 ms  DeleteObjects: 0.146000 ms)

========================================================================
Received Prepare
Registering precompiled user dll's ...
Registered in 0.001986 seconds.
Begin MonoManager ReloadAssembly
Native extension for WindowsStandalone target not found
Native extension for WebGL target not found
Refreshing native plugins compatible for Editor in 0.60 ms, found 1 plugins.
Preloading 0 native plugins for Editor in 0.00 ms.
Invoked RoslynAnalysisRunner static constructor.
RoslynAnalysisRunner will not be running.
RoslynAnalysisRunner has terminated.
Mono: successfully reloaded assembly
- Completed reload, in  0.746 seconds
Platform modules already initialized, skipping
Refreshing native plugins compatible for Editor in 0.58 ms, found 1 plugins.
Preloading 0 native plugins for Editor in 0.00 ms.
Unloading 2018 Unused Serialized files (Serialized files now loaded: 0)
System memory in use before: 94.5 MB.
System memory in use after: 94.5 MB.

Unloading 33 unused Assets to reduce memory usage. Loaded Objects now: 2533.
Total: 2.116600 ms (FindLiveObjects: 0.243900 ms CreateObjectMapping: 0.049200 ms MarkObjects: 1.712200 ms  DeleteObjects: 0.110100 ms)

========================================================================
Received Prepare
Registering precompiled user dll's ...
Registered in 0.001910 seconds.
Begin MonoManager ReloadAssembly
Native extension for WindowsStandalone target not found
Native extension for WebGL target not found
Refreshing native plugins compatible for Editor in 0.60 ms, found 1 plugins.
Preloading 0 native plugins for Editor in 0.00 ms.
Invoked RoslynAnalysisRunner static constructor.
RoslynAnalysisRunner will not be running.
RoslynAnalysisRunner has terminated.
Mono: successfully reloaded assembly
- Completed reload, in  0.791 seconds
Platform modules already initialized, skipping
Refreshing native plugins compatible for Editor in 0.89 ms, found 1 plugins.
Preloading 0 native plugins for Editor in 0.00 ms.
Unloading 2018 Unused Serialized files (Serialized files now loaded: 0)
System memory in use before: 94.5 MB.
System memory in use after: 94.5 MB.

Unloading 33 unused Assets to reduce memory usage. Loaded Objects now: 2535.
Total: 2.268200 ms (FindLiveObjects: 0.288100 ms CreateObjectMapping: 0.049500 ms MarkObjects: 1.807600 ms  DeleteObjects: 0.122000 ms)

========================================================================
Received Prepare
Registering precompiled user dll's ...
Registered in 0.002203 seconds.
Begin MonoManager ReloadAssembly
Native extension for WindowsStandalone target not found
Native extension for WebGL target not found
Refreshing native plugins compatible for Editor in 0.64 ms, found 1 plugins.
Preloading 0 native plugins for Editor in 0.00 ms.
Invoked RoslynAnalysisRunner static constructor.
RoslynAnalysisRunner will not be running.
RoslynAnalysisRunner has terminated.
Mono: successfully reloaded assembly
- Completed reload, in  0.738 seconds
Platform modules already initialized, skipping
Refreshing native plugins compatible for Editor in 0.58 ms, found 1 plugins.
Preloading 0 native plugins for Editor in 0.00 ms.
Unloading 2018 Unused Serialized files (Serialized files now loaded: 0)
System memory in use before: 94.6 MB.
System memory in use after: 94.6 MB.

Unloading 33 unused Assets to reduce memory usage. Loaded Objects now: 2537.
Total: 2.067900 ms (FindLiveObjects: 0.257700 ms CreateObjectMapping: 0.052200 ms MarkObjects: 1.643900 ms  DeleteObjects: 0.113200 ms)

AssetImportWorkerClient::OnTransportError - code=2 error=End of file
